<?xml version="1.0" encoding="UTF-8"?>
<!-- Generated by org.testng.reporters.JUnitXMLReporter -->
<testsuite hostname="Charles" ignored="6" name="Test" tests="59" failures="15" timestamp="19 十二月 2017 08:02:14 GMT" time="122.222" errors="0">
  <testcase name="testCompanyName" time="30.283" classname="ranzhi.CompanyName"/>
  <testcase name="testCompanyName" time="17.254" classname="ranzhi.CompanyName"/>
  <testcase name="testCompanyName" time="16.841" classname="ranzhi.CompanyName"/>
  <testcase name="testCompanyName" time="16.699" classname="ranzhi.CompanyName"/>
  <testcase name="testCompanyName" time="16.917" classname="ranzhi.CompanyName"/>
  <testcase name="testCompanyName" time="16.722" classname="ranzhi.CompanyName"/>
  <testcase name="testAddMembers" time="0.0" classname="ranzhi.AddMembers">
    <failure type="java.lang.NullPointerException">
      <![CDATA[java.lang.NullPointerException
	at ranzhi.AddMembers.testAddMembers(AddMembers.java:13)
... Removed 25 stack frames]]>
    </failure>
  </testcase> <!-- testAddMembers -->
  <testcase name="testAddMembers" time="0.016" classname="ranzhi.AddMembers">
    <failure type="java.lang.NullPointerException">
      <![CDATA[java.lang.NullPointerException
	at ranzhi.AddMembers.testAddMembers(AddMembers.java:13)
... Removed 25 stack frames]]>
    </failure>
  </testcase> <!-- testAddMembers -->
  <testcase name="testAddMembers" time="0.0" classname="ranzhi.AddMembers">
    <failure type="java.lang.NullPointerException">
      <![CDATA[java.lang.NullPointerException
	at ranzhi.AddMembers.testAddMembers(AddMembers.java:13)
... Removed 25 stack frames]]>
    </failure>
  </testcase> <!-- testAddMembers -->
  <testcase name="testAddMembers" time="0.0" classname="ranzhi.AddMembers">
    <failure type="java.lang.NullPointerException">
      <![CDATA[java.lang.NullPointerException
	at ranzhi.AddMembers.testAddMembers(AddMembers.java:13)
... Removed 25 stack frames]]>
    </failure>
  </testcase> <!-- testAddMembers -->
  <testcase name="testAddMembers" time="0.0" classname="ranzhi.AddMembers">
    <failure type="java.lang.NullPointerException">
      <![CDATA[java.lang.NullPointerException
	at ranzhi.AddMembers.testAddMembers(AddMembers.java:13)
... Removed 25 stack frames]]>
    </failure>
  </testcase> <!-- testAddMembers -->
  <testcase name="testAddMembers" time="0.0" classname="ranzhi.AddMembers">
    <failure type="java.lang.NullPointerException">
      <![CDATA[java.lang.NullPointerException
	at ranzhi.AddMembers.testAddMembers(AddMembers.java:13)
... Removed 25 stack frames]]>
    </failure>
  </testcase> <!-- testAddMembers -->
  <testcase name="testAddMembers" time="0.0" classname="ranzhi.AddMembers">
    <failure type="java.lang.NullPointerException">
      <![CDATA[java.lang.NullPointerException
	at ranzhi.AddMembers.testAddMembers(AddMembers.java:13)
... Removed 25 stack frames]]>
    </failure>
  </testcase> <!-- testAddMembers -->
  <testcase name="testAddMembers" time="0.0" classname="ranzhi.AddMembers">
    <failure type="java.lang.NullPointerException">
      <![CDATA[java.lang.NullPointerException
	at ranzhi.AddMembers.testAddMembers(AddMembers.java:13)
... Removed 25 stack frames]]>
    </failure>
  </testcase> <!-- testAddMembers -->
  <testcase name="testAddMembers" time="0.0" classname="ranzhi.AddMembers">
    <failure type="java.lang.NullPointerException">
      <![CDATA[java.lang.NullPointerException
	at ranzhi.AddMembers.testAddMembers(AddMembers.java:13)
... Removed 25 stack frames]]>
    </failure>
  </testcase> <!-- testAddMembers -->
  <testcase name="testAddMembers" time="0.0" classname="ranzhi.AddMembers">
    <failure type="java.lang.NullPointerException">
      <![CDATA[java.lang.NullPointerException
	at ranzhi.AddMembers.testAddMembers(AddMembers.java:13)
... Removed 25 stack frames]]>
    </failure>
  </testcase> <!-- testAddMembers -->
  <testcase name="GetInBackStage" time="0.0" classname="ranzhi.Organization">
    <failure type="java.lang.NullPointerException">
      <![CDATA[java.lang.NullPointerException
	at ranzhi.Organization.GetInBackStage(Organization.java:13)
... Removed 25 stack frames]]>
    </failure>
  </testcase> <!-- GetInBackStage -->
  <testcase name="bmname" time="0.0" classname="ranzhi.Organization">
    <skipped/>
  </testcase> <!-- bmname -->
  <testcase name="bumenmanager" time="0.0" classname="ranzhi.Organization">
    <skipped/>
  </testcase> <!-- bumenmanager -->
  <testcase name="bumenname" time="0.0" classname="ranzhi.Organization">
    <skipped/>
  </testcase> <!-- bumenname -->
  <testcase name="findmember" time="0.0" classname="ranzhi.Organization">
    <skipped/>
  </testcase> <!-- findmember -->
  <testcase name="shangjibumen" time="0.0" classname="ranzhi.Organization">
    <skipped/>
  </testcase> <!-- shangjibumen -->
  <testcase name="GetInBackStage" time="0.0" classname="ranzhi.Permission">
    <failure type="java.lang.NullPointerException">
      <![CDATA[java.lang.NullPointerException
	at ranzhi.Permission.GetInBackStage(Permission.java:13)
... Removed 25 stack frames]]>
    </failure>
  </testcase> <!-- GetInBackStage -->
  <testcase name="addgroup" time="0.0" classname="ranzhi.Permission">
    <skipped/>
  </testcase> <!-- addgroup -->
  <testcase name="editgroup" time="0.0" classname="ranzhi.Permission">
    <skipped/>
  </testcase> <!-- editgroup -->
  <testcase name="groupSQ" time="0.0" classname="ranzhi.Permission">
    <skipped/>
  </testcase> <!-- groupSQ -->
  <testcase name="groupmembers" time="0.0" classname="ranzhi.Permission">
    <skipped/>
  </testcase> <!-- groupmembers -->
  <testcase name="shouquan" time="0.0" classname="ranzhi.Permission">
    <skipped/>
  </testcase> <!-- shouquan -->
  <testcase name="GetInBackStage" time="0.0" classname="ranzhi.Application">
    <failure type="java.lang.NullPointerException">
      <![CDATA[java.lang.NullPointerException
	at ranzhi.Application.GetInBackStage(Application.java:13)
... Removed 25 stack frames]]>
    </failure>
  </testcase> <!-- GetInBackStage -->
  <testcase name="AddApps1" time="0.0" classname="ranzhi.Application">
    <skipped/>
  </testcase> <!-- AddApps1 -->
  <testcase name="AddApps2" time="0.0" classname="ranzhi.Application">
    <skipped/>
  </testcase> <!-- AddApps2 -->
  <testcase name="AppGroup1" time="0.0" classname="ranzhi.Application">
    <skipped/>
  </testcase> <!-- AppGroup1 -->
  <testcase name="AppGroup2" time="0.0" classname="ranzhi.Application">
    <skipped/>
  </testcase> <!-- AppGroup2 -->
  <testcase name="AppPermission" time="0.0" classname="ranzhi.Application">
    <skipped/>
  </testcase> <!-- AppPermission -->
  <testcase name="AppStyle" time="0.0" classname="ranzhi.Application">
    <skipped/>
  </testcase> <!-- AppStyle -->
  <testcase name="BrowseWebApp" time="0.0" classname="ranzhi.Application">
    <skipped/>
  </testcase> <!-- BrowseWebApp -->
  <testcase name="EditApp" time="0.0" classname="ranzhi.Application">
    <skipped/>
  </testcase> <!-- EditApp -->
  <testcase name="InstallWebApp" time="0.0" classname="ranzhi.Application">
    <skipped/>
  </testcase> <!-- InstallWebApp -->
  <testcase name="PreviewWebApp" time="0.0" classname="ranzhi.Application">
    <skipped/>
  </testcase> <!-- PreviewWebApp -->
  <testcase name="ScanWebAppList" time="0.0" classname="ranzhi.Application">
    <skipped/>
  </testcase> <!-- ScanWebAppList -->
  <testcase name="SearchWebApp" time="0.0" classname="ranzhi.Application">
    <skipped/>
  </testcase> <!-- SearchWebApp -->
  <testcase name="WebAppInformation" time="0.0" classname="ranzhi.Application">
    <skipped/>
  </testcase> <!-- WebAppInformation -->
  <testcase name="WebAppPageSetting" time="0.0" classname="ranzhi.Application">
    <skipped/>
  </testcase> <!-- WebAppPageSetting -->
  <testcase name="GetInBackStage" time="0.0" classname="ranzhi.System">
    <failure type="java.lang.NullPointerException">
      <![CDATA[java.lang.NullPointerException
	at ranzhi.System.GetInBackStage(System.java:15)
... Removed 25 stack frames]]>
    </failure>
  </testcase> <!-- GetInBackStage -->
  <testcase name="ClosePlantask" time="0.0" classname="ranzhi.System">
    <skipped/>
  </testcase> <!-- ClosePlantask -->
  <testcase name="DeleteBackups" time="0.0" classname="ranzhi.System">
    <skipped/>
  </testcase> <!-- DeleteBackups -->
  <testcase name="LAplantask" time="0.0" classname="ranzhi.System">
    <skipped/>
  </testcase> <!-- LAplantask -->
  <testcase name="RestoreBackups" time="0.0" classname="ranzhi.System">
    <skipped/>
  </testcase> <!-- RestoreBackups -->
  <testcase name="backups" time="0.0" classname="ranzhi.System">
    <skipped/>
  </testcase> <!-- backups -->
  <testcase name="recyclebin" time="0.0" classname="ranzhi.System">
    <skipped/>
  </testcase> <!-- recyclebin -->
  <testcase name="sendEmail" time="0.0" classname="ranzhi.System">
    <skipped/>
  </testcase> <!-- sendEmail -->
  <testcase name="xuanxuanKey" time="0.0" classname="ranzhi.System">
    <skipped/>
  </testcase> <!-- xuanxuanKey -->
  <testcase name="EditsendEmail" time="0.0" classname="ranzhi.System">
    <skipped/>
  </testcase> <!-- EditsendEmail -->
  <testcase name="TestsendEmail" time="0.0" classname="ranzhi.System">
    <skipped/>
  </testcase> <!-- TestsendEmail -->
  <testcase name="GetInBackStage" time="0.0" classname="ranzhi.Extend">
    <failure type="java.lang.NullPointerException">
      <![CDATA[java.lang.NullPointerException
	at ranzhi.Extend.GetInBackStage(Extend.java:11)
... Removed 25 stack frames]]>
    </failure>
  </testcase> <!-- GetInBackStage -->
  <testcase name="DownloadPlugin" time="0.0" classname="ranzhi.Extend">
    <skipped/>
  </testcase> <!-- DownloadPlugin -->
  <testcase name="Extension" time="0.0" classname="ranzhi.Extend">
    <skipped/>
  </testcase> <!-- Extension -->
  <testcase name="Plugininfoemation" time="0.0" classname="ranzhi.Extend">
    <skipped/>
  </testcase> <!-- Plugininfoemation -->
  <testcase name="Pluginuse" time="0.0" classname="ranzhi.Extend">
    <skipped/>
  </testcase> <!-- Pluginuse -->
  <testcase name="@BeforeTest doBeforeMethod" time="0.0" classname="com.webtest.core.BaseTest">
    <ignored/>
  </testcase> <!-- @BeforeTest doBeforeMethod -->
  <testcase name="@BeforeTest doBeforeMethod" time="0.0" classname="com.webtest.core.BaseTest">
    <ignored/>
  </testcase> <!-- @BeforeTest doBeforeMethod -->
  <testcase name="@BeforeTest doBeforeMethod" time="0.0" classname="com.webtest.core.BaseTest">
    <ignored/>
  </testcase> <!-- @BeforeTest doBeforeMethod -->
  <testcase name="@BeforeTest doBeforeMethod" time="0.0" classname="com.webtest.core.BaseTest">
    <ignored/>
  </testcase> <!-- @BeforeTest doBeforeMethod -->
  <testcase name="@BeforeTest doBeforeMethod" time="0.0" classname="com.webtest.core.BaseTest">
    <ignored/>
  </testcase> <!-- @BeforeTest doBeforeMethod -->
  <testcase name="@BeforeTest doBeforeMethod" time="0.0" classname="com.webtest.core.BaseTest">
    <ignored/>
  </testcase> <!-- @BeforeTest doBeforeMethod -->
</testsuite> <!-- Test -->
