<?xml version="1.0" encoding="UTF-8"?>
<testng-results skipped="0" failed="0" ignored="3" total="6" passed="3">
  <reporter-output>
  </reporter-output>
  <suite name="Default suite" duration-ms="33571" started-at="2017-11-21T03:14:49Z" finished-at="2017-11-21T03:15:23Z">
    <groups>
    </groups>
    <test name="Default test" duration-ms="33571" started-at="2017-11-21T03:14:49Z" finished-at="2017-11-21T03:15:23Z">
      <class name="ranzhi.login">
        <test-method status="PASS" signature="doBeforeMethod()[pri:0, instance:ranzhi.login@4b9e13df]" name="doBeforeMethod" is-config="true" duration-ms="9557" started-at="2017-11-21T11:14:49Z" finished-at="2017-11-21T11:14:59Z">
          <reporter-output>
          </reporter-output>
        </test-method> <!-- doBeforeMethod -->
        <test-method status="PASS" signature="loginranzhi()[pri:0, instance:ranzhi.login@4b9e13df]" name="loginranzhi" duration-ms="10548" started-at="2017-11-21T11:14:59Z" finished-at="2017-11-21T11:15:10Z">
          <reporter-output>
          </reporter-output>
        </test-method> <!-- loginranzhi -->
        <test-method status="PASS" signature="GetInBackStage()[pri:0, instance:ranzhi.login@4b9e13df]" name="GetInBackStage" duration-ms="2383" started-at="2017-11-21T11:15:10Z" depends-on-methods="ranzhi.login.loginranzhi" finished-at="2017-11-21T11:15:12Z">
          <reporter-output>
          </reporter-output>
        </test-method> <!-- GetInBackStage -->
        <test-method status="PASS" signature="shangjibumen()[pri:0, instance:ranzhi.login@4b9e13df]" name="shangjibumen" duration-ms="11034" started-at="2017-11-21T11:15:12Z" depends-on-methods="ranzhi.login.GetInBackStage" finished-at="2017-11-21T11:15:23Z">
          <reporter-output>
          </reporter-output>
        </test-method> <!-- shangjibumen -->
      </class> <!-- ranzhi.login -->
    </test> <!-- Default test -->
  </suite> <!-- Default suite -->
</testng-results>
