<?xml version="1.0" encoding="UTF-8"?>
<!-- Generated by org.testng.reporters.JUnitXMLReporter -->
<testsuite hostname="Charles" ignored="10" name="Default test" tests="3" failures="0" timestamp="07 十二月 2017 07:05:59 GMT" time="28.722" errors="0">
  <testcase name="loginranzhi" time="9.114" classname="ranzhi.login"/>
  <testcase name="GetInBackStage" time="1.461" classname="ranzhi.login"/>
  <testcase name="groupSQ" time="8.428" classname="ranzhi.login"/>
  <testcase name="bmname" time="0.0" classname="ranzhi.login">
    <ignored/>
  </testcase> <!-- bmname -->
  <testcase name="addgroup" time="0.0" classname="ranzhi.login">
    <ignored/>
  </testcase> <!-- addgroup -->
  <testcase name="bumenmanager" time="0.0" classname="ranzhi.login">
    <ignored/>
  </testcase> <!-- bumenmanager -->
  <testcase name="CompanyName" time="0.0" classname="ranzhi.login">
    <ignored/>
  </testcase> <!-- CompanyName -->
  <testcase name="shangjibumen" time="0.0" classname="ranzhi.login">
    <ignored/>
  </testcase> <!-- shangjibumen -->
  <testcase name="bumenname" time="0.0" classname="ranzhi.login">
    <ignored/>
  </testcase> <!-- bumenname -->
  <testcase name="zzcyname" time="0.0" classname="ranzhi.login">
    <ignored/>
  </testcase> <!-- zzcyname -->
  <testcase name="deletegroup" time="0.0" classname="ranzhi.login">
    <ignored/>
  </testcase> <!-- deletegroup -->
  <testcase name="findmember" time="0.0" classname="ranzhi.login">
    <ignored/>
  </testcase> <!-- findmember -->
  <testcase name="shouquan" time="0.0" classname="ranzhi.login">
    <ignored/>
  </testcase> <!-- shouquan -->
</testsuite> <!-- Default test -->
