<?xml version="1.0" encoding="UTF-8"?>
<!-- Generated by org.testng.reporters.JUnitXMLReporter -->
<testsuite hostname="Charles" ignored="3" name="Default test" tests="3" failures="0" timestamp="21 十一月 2017 03:15:23 GMT" time="33.571" errors="0">
  <testcase name="loginranzhi" time="10.548" classname="ranzhi.login"/>
  <testcase name="GetInBackStage" time="2.383" classname="ranzhi.login"/>
  <testcase name="shangjibumen" time="11.034" classname="ranzhi.login"/>
  <testcase name="bmname" time="0.0" classname="ranzhi.login">
    <ignored/>
  </testcase> <!-- bmname -->
  <testcase name="CompanyName" time="0.0" classname="ranzhi.login">
    <ignored/>
  </testcase> <!-- CompanyName -->
  <testcase name="zzcyname" time="0.0" classname="ranzhi.login">
    <ignored/>
  </testcase> <!-- zzcyname -->
</testsuite> <!-- Default test -->
